<?xml version="1.0" encoding="UTF-8"?>
<!-- Generated by org.testng.reporters.JUnitXMLReporter -->
<testsuite ignored="0" hostname="DESKTOP-G6T0SJ9" failures="0" tests="6" name="Adding and checking a new product." time="52.079" errors="0" timestamp="2020-05-11T23:56:04 MSK">
  <testcase classname="com.PrestaShop.test3.CreatingANewProduct" name="signIn" time="2.188"/>
  <testcase classname="com.PrestaShop.test3.CreatingANewProduct" name="productSection" time="3.655"/>
  <testcase classname="com.PrestaShop.test3.CreatingANewProduct" name="newProduct" time="9.393"/>
  <testcase classname="com.PrestaShop.test3.CreatingANewProduct" name="productActivation" time="3.333"/>
  <testcase classname="com.PrestaShop.test3.CreatingANewProduct" name="logOut" time="21.961"/>
  <testcase classname="com.PrestaShop.test3.CreatingANewProduct" name="checkNewProduct" time="11.414"/>
</testsuite> <!-- Adding and checking a new product. -->
