<?xml version="1.0" encoding="UTF-8"?>
<!-- Generated by org.testng.reporters.JUnitXMLReporter -->
<testsuite ignored="0" hostname="DESKTOP-G6T0SJ9" failures="0" tests="15" name="Check titles." time="76.873" errors="0" timestamp="2020-05-11T23:54:54 MSK">
  <testcase classname="com.PrestaShop.test1.Titles" name="signIn" time="2.231"/>
  <testcase classname="com.PrestaShop.test1.Titles" name="checkTitleAdvancedParameters" time="18.077"/>
  <testcase classname="com.PrestaShop.test1.Titles" name="checkTitleCatalog" time="5.54"/>
  <testcase classname="com.PrestaShop.test1.Titles" name="checkTitleCustomer" time="3.281"/>
  <testcase classname="com.PrestaShop.test1.Titles" name="checkTitleCustomerService" time="3.322"/>
  <testcase classname="com.PrestaShop.test1.Titles" name="checkTitleDashboard" time="4.134"/>
  <testcase classname="com.PrestaShop.test1.Titles" name="checkTitleDelivery" time="5.533"/>
  <testcase classname="com.PrestaShop.test1.Titles" name="checkTitleDesign" time="4.211"/>
  <testcase classname="com.PrestaShop.test1.Titles" name="checkTitleInternational" time="5.093"/>
  <testcase classname="com.PrestaShop.test1.Titles" name="checkTitleModules" time="7.141"/>
  <testcase classname="com.PrestaShop.test1.Titles" name="checkTitleOrder" time="3.509"/>
  <testcase classname="com.PrestaShop.test1.Titles" name="checkTitlePayment" time="4.224"/>
  <testcase classname="com.PrestaShop.test1.Titles" name="checkTitleShopParameters" time="4.111"/>
  <testcase classname="com.PrestaShop.test1.Titles" name="checkTitleStatistics" time="3.549"/>
  <testcase classname="com.PrestaShop.test1.Titles" name="logOut" time="2.257"/>
</testsuite> <!-- Check titles. -->
