<?xml version="1.0" encoding="UTF-8"?>
<!-- Generated by org.testng.reporters.JUnitXMLReporter -->
<testsuite ignored="0" hostname="DESKTOP-G6T0SJ9" failures="0" tests="10" name="Ordering." time="36.276" errors="0" timestamp="2020-05-11T23:56:41 MSK">
  <testcase classname="com.PrestaShop.test4.Ordering" name="choiceOfRandomGoods" time="23.15"/>
  <testcase classname="com.PrestaShop.test4.Ordering" name="productProperties" time="0.413"/>
  <testcase classname="com.PrestaShop.test4.Ordering" name="addingProductToCart" time="1.634"/>
  <testcase classname="com.PrestaShop.test4.Ordering" name="checkingPropertiesProduct" time="0.944"/>
  <testcase classname="com.PrestaShop.test4.Ordering" name="inputCustomerData" time="1.43"/>
  <testcase classname="com.PrestaShop.test4.Ordering" name="inputDeliveryAddressData" time="2.556"/>
  <testcase classname="com.PrestaShop.test4.Ordering" name="deliveryMethod" time="1.268"/>
  <testcase classname="com.PrestaShop.test4.Ordering" name="paymentMethod" time="2.239"/>
  <testcase classname="com.PrestaShop.test4.Ordering" name="checkingPropertiesOrder" time="0.195"/>
  <testcase classname="com.PrestaShop.test4.Ordering" name="checkingQuantityProduct" time="2.398"/>
</testsuite> <!-- Ordering. -->
