<?xml version="1.0" encoding="UTF-8"?>
<!-- Generated by org.testng.reporters.JUnitXMLReporter -->
<testsuite ignored="0" hostname="DESKTOP-G6T0SJ9" failures="0" tests="5" name="Сheck the addition of a new category." time="17.967" errors="0" timestamp="2020-05-11T23:55:12 MSK">
  <testcase classname="com.PrestaShop.test2.AddNewCategory" name="signIn" time="5.482"/>
  <testcase classname="com.PrestaShop.test2.AddNewCategory" name="categorySection" time="1.71"/>
  <testcase classname="com.PrestaShop.test2.AddNewCategory" name="addNewCategory" time="7.248"/>
  <testcase classname="com.PrestaShop.test2.AddNewCategory" name="checkingNewCategory" time="1.637"/>
  <testcase classname="com.PrestaShop.test2.AddNewCategory" name="logOut" time="1.651"/>
</testsuite> <!-- Сheck the addition of a new category. -->
