<?xml version="1.0" encoding="UTF-8"?>
<!-- Generated by org.testng.reporters.JUnitXMLReporter -->
<testsuite hostname="DESKTOP-G6T0SJ9" ignored="0" name="Adding and checking a new product." tests="6" failures="0" timestamp="2020-01-30T20:54:22 MSK" time="0.313" errors="0">
  <testcase name="signIn" time="0.0" classname="com.PrestaShop.test3.CreatingANewProduct">
    <skipped/>
  </testcase> <!-- signIn -->
  <testcase name="productSection" time="0.0" classname="com.PrestaShop.test3.CreatingANewProduct">
    <skipped/>
  </testcase> <!-- productSection -->
  <testcase name="newProduct" time="0.0" classname="com.PrestaShop.test3.CreatingANewProduct">
    <skipped/>
  </testcase> <!-- newProduct -->
  <testcase name="productActivation" time="0.0" classname="com.PrestaShop.test3.CreatingANewProduct">
    <skipped/>
  </testcase> <!-- productActivation -->
  <testcase name="logOut" time="0.0" classname="com.PrestaShop.test3.CreatingANewProduct">
    <skipped/>
  </testcase> <!-- logOut -->
  <testcase name="checkNewProduct" time="0.0" classname="com.PrestaShop.test3.CreatingANewProduct">
    <skipped/>
  </testcase> <!-- checkNewProduct -->
</testsuite> <!-- Adding and checking a new product. -->
