<?xml version="1.0" encoding="UTF-8"?>
<!-- Generated by org.testng.reporters.JUnitXMLReporter -->
<testsuite hostname="DESKTOP-G6T0SJ9" ignored="0" name="Check titles." tests="15" failures="0" timestamp="2020-01-30T20:54:21 MSK" time="0.625" errors="0">
  <testcase name="signIn" time="0.0" classname="com.PrestaShop.test1.Titles">
    <skipped/>
  </testcase> <!-- signIn -->
  <testcase name="checkTitleAdvancedParameters" time="0.0" classname="com.PrestaShop.test1.Titles">
    <skipped/>
  </testcase> <!-- checkTitleAdvancedParameters -->
  <testcase name="checkTitleCatalog" time="0.0" classname="com.PrestaShop.test1.Titles">
    <skipped/>
  </testcase> <!-- checkTitleCatalog -->
  <testcase name="checkTitleCustomer" time="0.0" classname="com.PrestaShop.test1.Titles">
    <skipped/>
  </testcase> <!-- checkTitleCustomer -->
  <testcase name="checkTitleCustomerService" time="0.0" classname="com.PrestaShop.test1.Titles">
    <skipped/>
  </testcase> <!-- checkTitleCustomerService -->
  <testcase name="checkTitleDashboard" time="0.0" classname="com.PrestaShop.test1.Titles">
    <skipped/>
  </testcase> <!-- checkTitleDashboard -->
  <testcase name="checkTitleDelivery" time="0.0" classname="com.PrestaShop.test1.Titles">
    <skipped/>
  </testcase> <!-- checkTitleDelivery -->
  <testcase name="checkTitleDesign" time="0.0" classname="com.PrestaShop.test1.Titles">
    <skipped/>
  </testcase> <!-- checkTitleDesign -->
  <testcase name="checkTitleInternational" time="0.0" classname="com.PrestaShop.test1.Titles">
    <skipped/>
  </testcase> <!-- checkTitleInternational -->
  <testcase name="checkTitleModules" time="0.0" classname="com.PrestaShop.test1.Titles">
    <skipped/>
  </testcase> <!-- checkTitleModules -->
  <testcase name="checkTitleOrder" time="0.0" classname="com.PrestaShop.test1.Titles">
    <skipped/>
  </testcase> <!-- checkTitleOrder -->
  <testcase name="checkTitlePayment" time="0.0" classname="com.PrestaShop.test1.Titles">
    <skipped/>
  </testcase> <!-- checkTitlePayment -->
  <testcase name="checkTitleShopParameters" time="0.0" classname="com.PrestaShop.test1.Titles">
    <skipped/>
  </testcase> <!-- checkTitleShopParameters -->
  <testcase name="checkTitleStatistics" time="0.0" classname="com.PrestaShop.test1.Titles">
    <skipped/>
  </testcase> <!-- checkTitleStatistics -->
  <testcase name="logOut" time="0.0" classname="com.PrestaShop.test1.Titles">
    <skipped/>
  </testcase> <!-- logOut -->
</testsuite> <!-- Check titles. -->
