<?xml version="1.0" encoding="UTF-8"?>
<!-- Generated by org.testng.reporters.JUnitXMLReporter -->
<testsuite hostname="DESKTOP-G6T0SJ9" ignored="0" name="Check the addition of a new category." tests="5" failures="0" timestamp="2020-01-30T20:54:22 MSK" time="0.25" errors="0">
  <testcase name="signIn" time="0.0" classname="com.PrestaShop.test2.AddNewCategory">
    <skipped/>
  </testcase> <!-- signIn -->
  <testcase name="categorySection" time="0.0" classname="com.PrestaShop.test2.AddNewCategory">
    <skipped/>
  </testcase> <!-- categorySection -->
  <testcase name="addNewCategory" time="0.0" classname="com.PrestaShop.test2.AddNewCategory">
    <skipped/>
  </testcase> <!-- addNewCategory -->
  <testcase name="checkingNewCategory" time="0.0" classname="com.PrestaShop.test2.AddNewCategory">
    <skipped/>
  </testcase> <!-- checkingNewCategory -->
  <testcase name="logOut" time="0.0" classname="com.PrestaShop.test2.AddNewCategory">
    <skipped/>
  </testcase> <!-- logOut -->
</testsuite> <!-- Check the addition of a new category. -->
