<?xml version="1.0" encoding="UTF-8"?>
<!-- Generated by org.testng.reporters.JUnitXMLReporter -->
<testsuite hostname="DESKTOP-G6T0SJ9" ignored="0" name="Ordering." tests="10" failures="0" timestamp="2020-01-30T20:54:22 MSK" time="0.245" errors="0">
  <testcase name="@BeforeTest beforeTest" time="-1.580406862709E9" classname="com.PrestaShop.InitialConfiguration.InitialConfiguration">
    <skipped/>
  </testcase> <!-- @BeforeTest beforeTest -->
  <testcase name="@AfterTest afterTest" time="-1.580406862952E9" classname="com.PrestaShop.InitialConfiguration.InitialConfiguration">
    <skipped/>
  </testcase> <!-- @AfterTest afterTest -->
  <testcase name="choiceOfRandomGoods" time="0.0" classname="com.PrestaShop.test4.Ordering">
    <skipped/>
  </testcase> <!-- choiceOfRandomGoods -->
  <testcase name="productProperties" time="0.0" classname="com.PrestaShop.test4.Ordering">
    <skipped/>
  </testcase> <!-- productProperties -->
  <testcase name="addingProductToCart" time="0.0" classname="com.PrestaShop.test4.Ordering">
    <skipped/>
  </testcase> <!-- addingProductToCart -->
  <testcase name="checkingPropertiesProduct" time="0.0" classname="com.PrestaShop.test4.Ordering">
    <skipped/>
  </testcase> <!-- checkingPropertiesProduct -->
  <testcase name="inputCustomerData" time="0.0" classname="com.PrestaShop.test4.Ordering">
    <skipped/>
  </testcase> <!-- inputCustomerData -->
  <testcase name="inputDeliveryAddressData" time="0.0" classname="com.PrestaShop.test4.Ordering">
    <skipped/>
  </testcase> <!-- inputDeliveryAddressData -->
  <testcase name="deliveryMethod" time="0.0" classname="com.PrestaShop.test4.Ordering">
    <skipped/>
  </testcase> <!-- deliveryMethod -->
  <testcase name="paymentMethod" time="0.0" classname="com.PrestaShop.test4.Ordering">
    <skipped/>
  </testcase> <!-- paymentMethod -->
  <testcase name="checkingPropertiesOrder" time="0.0" classname="com.PrestaShop.test4.Ordering">
    <skipped/>
  </testcase> <!-- checkingPropertiesOrder -->
  <testcase name="checkingQuantityProduct" time="0.0" classname="com.PrestaShop.test4.Ordering">
    <skipped/>
  </testcase> <!-- checkingQuantityProduct -->
</testsuite> <!-- Ordering. -->
